<?xml version="1.0" encoding="UTF-8"?>
<testsuite xmlns:xsi="http://www.w3.org/2001/XMLSchema-instance" xsi:noNamespaceSchemaLocation="https://maven.apache.org/surefire/maven-surefire-plugin/xsd/surefire-test-report.xsd" version="3.0.2" name="com.sk.skala.http_request_base.HttpRequestBaseApplicationTests" time="7.521" tests="1" errors="0" skipped="0" failures="0">
  <properties>
[...]
</properties>
  <testcase name="contextLoads" classname="com.sk.skala.http_request_base.HttpRequestBaseApplicationTests" time="0.676">
    <system-out><![CDATA[15:36:52.994 [main] INFO org.springframework.test.context.support.AnnotationConfigContextLoaderUtils -- Could not detect default configuration classes for test class [com.sk.skala.http_request_base.HttpRequestBaseApplicationTests]: HttpRequestBaseApplicationTests does not declare any static, non-private, non-final, nested classes annotated with @Configuration.
15:36:53.098 [main] INFO org.springframework.boot.test.context.SpringBootTestContextBootstrapper -- Found @SpringBootConfiguration com.sk.skala.http_request_base.HttpRequestBaseApplication for test class com.sk.skala.http_request_base.HttpRequestBaseApplicationTests

  .   ____          _            __ _ _
 /\\ / ___'_ __ _ _(_)_ __  __ _ \ \ \ \
( ( )\___ | '_ | '_| | '_ \/ _` | \ \ \ \
 \\/  ___)| |_)| | | | | || (_| |  ) ) ) )
  '  |____| .__|_| |_|_| |_\__, | / / / /
 =========|_|==============|___/=/_/_/_/

 :: Spring Boot ::                (v3.4.8)

2025-08-26T15:36:53.636+09:00  INFO 32408 --- [http-request-base] [           main] c.s.s.h.HttpRequestBaseApplicationTests  : Starting HttpRequestBaseApplicationTests using Java 17.0.16 with PID 32408 (started by a in /home/a/skala/backend/java/http-request-base)
2025-08-26T15:36:53.637+09:00  INFO 32408 --- [http-request-base] [           main] c.s.s.h.HttpRequestBaseApplicationTests  : No active profile set, falling back to 1 default profile: "prod"
2025-08-26T15:36:55.074+09:00  INFO 32408 --- [http-request-base] [           main] .s.d.r.c.RepositoryConfigurationDelegate : Bootstrapping Spring Data JPA repositories in DEFAULT mode.
2025-08-26T15:36:55.135+09:00  INFO 32408 --- [http-request-base] [           main] .s.d.r.c.RepositoryConfigurationDelegate : Finished Spring Data repository scanning in 45 ms. Found 0 JPA repository interfaces.
2025-08-26T15:36:55.873+09:00  INFO 32408 --- [http-request-base] [           main] o.hibernate.jpa.internal.util.LogHelper  : HHH000204: Processing PersistenceUnitInfo [name: default]
2025-08-26T15:36:55.955+09:00  INFO 32408 --- [http-request-base] [           main] org.hibernate.Version                    : HHH000412: Hibernate ORM core version 6.6.22.Final
2025-08-26T15:36:56.013+09:00  INFO 32408 --- [http-request-base] [           main] o.h.c.internal.RegionFactoryInitiator    : HHH000026: Second-level cache disabled
2025-08-26T15:36:56.390+09:00  INFO 32408 --- [http-request-base] [           main] o.s.o.j.p.SpringPersistenceUnitInfo      : No LoadTimeWeaver setup: ignoring JPA class transformer
2025-08-26T15:36:56.426+09:00  INFO 32408 --- [http-request-base] [           main] com.zaxxer.hikari.HikariDataSource       : HikariPool-1 - Starting...
2025-08-26T15:36:56.647+09:00  INFO 32408 --- [http-request-base] [           main] com.zaxxer.hikari.pool.HikariPool        : HikariPool-1 - Added connection conn0: url=jdbc:h2:mem:testdb user=ADMIN
2025-08-26T15:36:56.649+09:00  INFO 32408 --- [http-request-base] [           main] com.zaxxer.hikari.HikariDataSource       : HikariPool-1 - Start completed.
2025-08-26T15:36:56.684+09:00  WARN 32408 --- [http-request-base] [           main] org.hibernate.orm.deprecation            : HHH90000025: H2Dialect does not need to be specified explicitly using 'hibernate.dialect' (remove the property setting and it will be selected by default)
2025-08-26T15:36:56.712+09:00  INFO 32408 --- [http-request-base] [           main] org.hibernate.orm.connections.pooling    : HHH10001005: Database info:
	Database JDBC URL [Connecting through datasource 'HikariDataSource (HikariPool-1)']
	Database driver: undefined/unknown
	Database version: 2.3.232
	Autocommit mode: undefined/unknown
	Isolation level: undefined/unknown
	Minimum pool size: undefined/unknown
	Maximum pool size: undefined/unknown
2025-08-26T15:36:57.067+09:00  INFO 32408 --- [http-request-base] [           main] o.h.e.t.j.p.i.JtaPlatformInitiator       : HHH000489: No JTA platform available (set 'hibernate.transaction.jta.platform' to enable JTA platform integration)
2025-08-26T15:36:57.074+09:00  INFO 32408 --- [http-request-base] [           main] j.LocalContainerEntityManagerFactoryBean : Initialized JPA EntityManagerFactory for persistence unit 'default'
[LifecycleBean] 생성자 호출됨 (Bean 생성)
[LifecycleBean] @PostConstruct 호출됨 (초기화)
2025-08-26T15:36:57.710+09:00  WARN 32408 --- [http-request-base] [           main] JpaBaseConfiguration$JpaWebConfiguration : spring.jpa.open-in-view is enabled by default. Therefore, database queries may be performed during view rendering. Explicitly configure spring.jpa.open-in-view to disable this warning
2025-08-26T15:36:59.319+09:00  INFO 32408 --- [http-request-base] [           main] o.s.b.a.h2.H2ConsoleAutoConfiguration    : H2 console available at '/h2-console'. Database available at 'jdbc:h2:mem:testdb'
2025-08-26T15:36:59.428+09:00  INFO 32408 --- [http-request-base] [           main] o.s.b.a.e.web.EndpointLinksResolver      : Exposing 14 endpoints beneath base path '/actuator'
2025-08-26T15:36:59.591+09:00  INFO 32408 --- [http-request-base] [           main] c.s.s.h.HttpRequestBaseApplicationTests  : Started HttpRequestBaseApplicationTests in 6.324 seconds (process running for 7.255)
]]></system-out>
  </testcase>
</testsuite>